<?xml version="1.0" encoding="UTF-8"?>
<testng-results ignored="0" total="2" passed="2" failed="0" skipped="0">
  <reporter-output>
  </reporter-output>
  <suite started-at="2024-09-16T17:46:31 IST" name="Grid Execution" finished-at="2024-09-16T17:46:49 IST" duration-ms="18198">
    <groups>
    </groups>
    <test started-at="2024-09-16T17:46:31 IST" name="sel grid" finished-at="2024-09-16T17:46:49 IST" duration-ms="18198">
      <class name="samp.RSATest">
        <test-method signature="homePageTest()[pri:0, instance:samp.RSATest@26e356f0]" started-at="2024-09-16T17:46:31 IST" name="homePageTest" finished-at="2024-09-16T17:46:49 IST" duration-ms="18089" status="PASS">
          <reporter-output>
          </reporter-output>
        </test-method> <!-- homePageTest -->
      </class> <!-- samp.RSATest -->
      <class name="samp.GoogleTest">
        <test-method signature="homePageTest()[pri:0, instance:samp.GoogleTest@272113c4]" started-at="2024-09-16T17:46:31 IST" name="homePageTest" finished-at="2024-09-16T17:46:49 IST" duration-ms="17654" status="PASS">
          <reporter-output>
          </reporter-output>
        </test-method> <!-- homePageTest -->
      </class> <!-- samp.GoogleTest -->
    </test> <!-- sel grid -->
  </suite> <!-- Grid Execution -->
</testng-results>
